<?xml version="1.0" encoding="UTF-8"?>
<testsuite xmlns:xsi="http://www.w3.org/2001/XMLSchema-instance" xsi:noNamespaceSchemaLocation="https://maven.apache.org/surefire/maven-surefire-plugin/xsd/surefire-test-report.xsd" name="puertoricotr.RunCucumberTest" time="0.009" tests="3" errors="3" skipped="0" failures="0">
  <properties>
    <property name="sun.desktop" value="windows"/>
    <property name="awt.toolkit" value="sun.awt.windows.WToolkit"/>
    <property name="file.encoding.pkg" value="sun.io"/>
    <property name="java.specification.version" value="1.8"/>
    <property name="sun.cpu.isalist" value="amd64"/>
    <property name="sun.jnu.encoding" value="Cp1252"/>
    <property name="java.class.path" value="C:\Users\Allan\Desktop\Projet_Developpement\projet-s2-m1-1920-teamburton\target\test-classes;C:\Users\Allan\Desktop\Projet_Developpement\projet-s2-m1-1920-teamburton\target\classes;C:\Users\Allan\.m2\repository\org\junit\jupiter\junit-jupiter\5.5.2\junit-jupiter-5.5.2.jar;C:\Users\Allan\.m2\repository\org\junit\jupiter\junit-jupiter-api\5.5.2\junit-jupiter-api-5.5.2.jar;C:\Users\Allan\.m2\repository\org\opentest4j\opentest4j\1.2.0\opentest4j-1.2.0.jar;C:\Users\Allan\.m2\repository\org\junit\platform\junit-platform-commons\1.5.2\junit-platform-commons-1.5.2.jar;C:\Users\Allan\.m2\repository\org\junit\jupiter\junit-jupiter-params\5.5.2\junit-jupiter-params-5.5.2.jar;C:\Users\Allan\.m2\repository\org\junit\jupiter\junit-jupiter-engine\5.5.2\junit-jupiter-engine-5.5.2.jar;C:\Users\Allan\.m2\repository\org\junit\vintage\junit-vintage-engine\5.5.2\junit-vintage-engine-5.5.2.jar;C:\Users\Allan\.m2\repository\org\apiguardian\apiguardian-api\1.1.0\apiguardian-api-1.1.0.jar;C:\Users\Allan\.m2\repository\org\junit\platform\junit-platform-engine\1.5.2\junit-platform-engine-1.5.2.jar;C:\Users\Allan\.m2\repository\junit\junit\4.12\junit-4.12.jar;C:\Users\Allan\.m2\repository\org\hamcrest\hamcrest-core\1.3\hamcrest-core-1.3.jar;C:\Users\Allan\.m2\repository\io\cucumber\cucumber-java8\4.7.1\cucumber-java8-4.7.1.jar;C:\Users\Allan\.m2\repository\io\cucumber\cucumber-java\4.7.1\cucumber-java-4.7.1.jar;C:\Users\Allan\.m2\repository\net\jodah\typetools\0.5.0\typetools-0.5.0.jar;C:\Users\Allan\.m2\repository\io\cucumber\cucumber-junit\4.7.1\cucumber-junit-4.7.1.jar;C:\Users\Allan\.m2\repository\io\cucumber\cucumber-core\4.7.1\cucumber-core-4.7.1.jar;C:\Users\Allan\.m2\repository\io\cucumber\gherkin\5.1.0\gherkin-5.1.0.jar;C:\Users\Allan\.m2\repository\io\cucumber\tag-expressions\1.1.1\tag-expressions-1.1.1.jar;C:\Users\Allan\.m2\repository\io\cucumber\cucumber-expressions\7.0.2\cucumber-expressions-7.0.2.jar;C:\Users\Allan\.m2\repository\io\cucumber\datatable\1.1.14\datatable-1.1.14.jar;C:\Users\Allan\.m2\repository\io\cucumber\datatable-dependencies\1.1.14\datatable-dependencies-1.1.14.jar;C:\Users\Allan\.m2\repository\org\mockito\mockito-junit-jupiter\3.0.0\mockito-junit-jupiter-3.0.0.jar;C:\Users\Allan\.m2\repository\org\mockito\mockito-core\3.0.0\mockito-core-3.0.0.jar;C:\Users\Allan\.m2\repository\net\bytebuddy\byte-buddy\1.9.10\byte-buddy-1.9.10.jar;C:\Users\Allan\.m2\repository\net\bytebuddy\byte-buddy-agent\1.9.10\byte-buddy-agent-1.9.10.jar;C:\Users\Allan\.m2\repository\org\objenesis\objenesis\2.6\objenesis-2.6.jar;"/>
    <property name="java.vm.vendor" value="Oracle Corporation"/>
    <property name="sun.arch.data.model" value="64"/>
    <property name="user.variant" value=""/>
    <property name="java.vendor.url" value="http://java.oracle.com/"/>
    <property name="user.timezone" value="Europe/Paris"/>
    <property name="java.vm.specification.version" value="1.8"/>
    <property name="os.name" value="Windows 10"/>
    <property name="user.country" value="FR"/>
    <property name="sun.java.launcher" value="SUN_STANDARD"/>
    <property name="sun.boot.library.path" value="C:\Program Files\Java\jdk1.8.0_221\jre\bin"/>
    <property name="sun.java.command" value="C:\Users\Allan\AppData\Local\Temp\surefire6966598711467106063\surefirebooter1815845501152309531.jar C:\Users\Allan\AppData\Local\Temp\surefire6966598711467106063 2020-02-08T00-00-03_696-jvmRun1 surefire496033432675271776tmp surefire_05021117516291264588tmp"/>
    <property name="surefire.test.class.path" value="C:\Users\Allan\Desktop\Projet_Developpement\projet-s2-m1-1920-teamburton\target\test-classes;C:\Users\Allan\Desktop\Projet_Developpement\projet-s2-m1-1920-teamburton\target\classes;C:\Users\Allan\.m2\repository\org\junit\jupiter\junit-jupiter\5.5.2\junit-jupiter-5.5.2.jar;C:\Users\Allan\.m2\repository\org\junit\jupiter\junit-jupiter-api\5.5.2\junit-jupiter-api-5.5.2.jar;C:\Users\Allan\.m2\repository\org\opentest4j\opentest4j\1.2.0\opentest4j-1.2.0.jar;C:\Users\Allan\.m2\repository\org\junit\platform\junit-platform-commons\1.5.2\junit-platform-commons-1.5.2.jar;C:\Users\Allan\.m2\repository\org\junit\jupiter\junit-jupiter-params\5.5.2\junit-jupiter-params-5.5.2.jar;C:\Users\Allan\.m2\repository\org\junit\jupiter\junit-jupiter-engine\5.5.2\junit-jupiter-engine-5.5.2.jar;C:\Users\Allan\.m2\repository\org\junit\vintage\junit-vintage-engine\5.5.2\junit-vintage-engine-5.5.2.jar;C:\Users\Allan\.m2\repository\org\apiguardian\apiguardian-api\1.1.0\apiguardian-api-1.1.0.jar;C:\Users\Allan\.m2\repository\org\junit\platform\junit-platform-engine\1.5.2\junit-platform-engine-1.5.2.jar;C:\Users\Allan\.m2\repository\junit\junit\4.12\junit-4.12.jar;C:\Users\Allan\.m2\repository\org\hamcrest\hamcrest-core\1.3\hamcrest-core-1.3.jar;C:\Users\Allan\.m2\repository\io\cucumber\cucumber-java8\4.7.1\cucumber-java8-4.7.1.jar;C:\Users\Allan\.m2\repository\io\cucumber\cucumber-java\4.7.1\cucumber-java-4.7.1.jar;C:\Users\Allan\.m2\repository\net\jodah\typetools\0.5.0\typetools-0.5.0.jar;C:\Users\Allan\.m2\repository\io\cucumber\cucumber-junit\4.7.1\cucumber-junit-4.7.1.jar;C:\Users\Allan\.m2\repository\io\cucumber\cucumber-core\4.7.1\cucumber-core-4.7.1.jar;C:\Users\Allan\.m2\repository\io\cucumber\gherkin\5.1.0\gherkin-5.1.0.jar;C:\Users\Allan\.m2\repository\io\cucumber\tag-expressions\1.1.1\tag-expressions-1.1.1.jar;C:\Users\Allan\.m2\repository\io\cucumber\cucumber-expressions\7.0.2\cucumber-expressions-7.0.2.jar;C:\Users\Allan\.m2\repository\io\cucumber\datatable\1.1.14\datatable-1.1.14.jar;C:\Users\Allan\.m2\repository\io\cucumber\datatable-dependencies\1.1.14\datatable-dependencies-1.1.14.jar;C:\Users\Allan\.m2\repository\org\mockito\mockito-junit-jupiter\3.0.0\mockito-junit-jupiter-3.0.0.jar;C:\Users\Allan\.m2\repository\org\mockito\mockito-core\3.0.0\mockito-core-3.0.0.jar;C:\Users\Allan\.m2\repository\net\bytebuddy\byte-buddy\1.9.10\byte-buddy-1.9.10.jar;C:\Users\Allan\.m2\repository\net\bytebuddy\byte-buddy-agent\1.9.10\byte-buddy-agent-1.9.10.jar;C:\Users\Allan\.m2\repository\org\objenesis\objenesis\2.6\objenesis-2.6.jar;"/>
    <property name="sun.cpu.endian" value="little"/>
    <property name="user.home" value="C:\Users\Allan"/>
    <property name="user.language" value="fr"/>
    <property name="java.specification.vendor" value="Oracle Corporation"/>
    <property name="java.home" value="C:\Program Files\Java\jdk1.8.0_221\jre"/>
    <property name="basedir" value="C:\Users\Allan\Desktop\Projet_Developpement\projet-s2-m1-1920-teamburton"/>
    <property name="file.separator" value="\"/>
    <property name="line.separator" value="&#10;"/>
    <property name="java.vm.specification.vendor" value="Oracle Corporation"/>
    <property name="java.specification.name" value="Java Platform API Specification"/>
    <property name="java.awt.graphicsenv" value="sun.awt.Win32GraphicsEnvironment"/>
    <property name="surefire.real.class.path" value="C:\Users\Allan\AppData\Local\Temp\surefire6966598711467106063\surefirebooter1815845501152309531.jar"/>
    <property name="sun.boot.class.path" value="C:\Program Files\Java\jdk1.8.0_221\jre\lib\resources.jar;C:\Program Files\Java\jdk1.8.0_221\jre\lib\rt.jar;C:\Program Files\Java\jdk1.8.0_221\jre\lib\sunrsasign.jar;C:\Program Files\Java\jdk1.8.0_221\jre\lib\jsse.jar;C:\Program Files\Java\jdk1.8.0_221\jre\lib\jce.jar;C:\Program Files\Java\jdk1.8.0_221\jre\lib\charsets.jar;C:\Program Files\Java\jdk1.8.0_221\jre\lib\jfr.jar;C:\Program Files\Java\jdk1.8.0_221\jre\classes"/>
    <property name="user.script" value=""/>
    <property name="sun.management.compiler" value="HotSpot 64-Bit Tiered Compilers"/>
    <property name="java.runtime.version" value="1.8.0_221-b11"/>
    <property name="user.name" value="Allan"/>
    <property name="path.separator" value=";"/>
    <property name="os.version" value="10.0"/>
    <property name="java.endorsed.dirs" value="C:\Program Files\Java\jdk1.8.0_221\jre\lib\endorsed"/>
    <property name="java.runtime.name" value="Java(TM) SE Runtime Environment"/>
    <property name="file.encoding" value="Cp1252"/>
    <property name="java.vm.name" value="Java HotSpot(TM) 64-Bit Server VM"/>
    <property name="localRepository" value="C:\Users\Allan\.m2\repository"/>
    <property name="java.vendor.url.bug" value="http://bugreport.sun.com/bugreport/"/>
    <property name="java.io.tmpdir" value="C:\Users\Allan\AppData\Local\Temp\"/>
    <property name="java.version" value="1.8.0_221"/>
    <property name="user.dir" value="C:\Users\Allan\Desktop\Projet_Developpement\projet-s2-m1-1920-teamburton"/>
    <property name="os.arch" value="amd64"/>
    <property name="java.vm.specification.name" value="Java Virtual Machine Specification"/>
    <property name="java.awt.printerjob" value="sun.awt.windows.WPrinterJob"/>
    <property name="sun.os.patch.level" value=""/>
    <property name="java.library.path" value="C:\Program Files\Java\jdk1.8.0_221\jre\bin;C:\Windows\Sun\Java\bin;C:\Windows\system32;C:\Windows;C:\Users\Allan\bin;C:\Program Files\Git\mingw64\bin;C:\Program Files\Git\usr\local\bin;C:\Program Files\Git\usr\bin;C:\Program Files\Git\usr\bin;C:\Program Files\Git\mingw64\bin;C:\Program Files\Git\usr\bin;C:\Users\Allan\bin;C:\ProgramData\DockerDesktop\version-bin;C:\Program Files\Docker\Docker\Resources\bin;C:\Program Files (x86)\Common Files\Oracle\Java\javapath;C:\Program Files\Python37\Scripts;C:\Program Files\Python37;C:\Windows\system32;C:\Windows;C:\Windows\System32\Wbem;C:\Windows\System32\WindowsPowerShell\v1.0;C:\Windows\System32\OpenSSH;C:\Program Files\NVIDIA Corporation\NVIDIA NvDLISR;C:\Program Files (x86)\NVIDIA Corporation\PhysX\Common;C:\Program Files\Intel\WiFi\bin;C:\Program Files\Common Files\Intel\WirelessCommon;C:\Program Files\Git\cmd;C:\MinGW\msys\1.0\bin;C:\MinGW\bin;C:\Program Files\Git\usr\bin;C:\Program Files\dotnet;C:\Program Files (x86)\dotnet;C:\Program Files\apache-maven-3.6.2\bin;C:\Program Files (x86)\Graphviz2.38\bin;C:\Program Files (x86)\Graphviz2.38\bin\dot.exe;C:\Program Files\Java\jdk1.8.0_221\bin;C:\Program Files\Git\usr\bin\vendor_perl;C:\Program Files\Git\usr\bin\core_perl;."/>
    <property name="java.vm.info" value="mixed mode"/>
    <property name="java.vendor" value="Oracle Corporation"/>
    <property name="java.vm.version" value="25.221-b11"/>
    <property name="java.ext.dirs" value="C:\Program Files\Java\jdk1.8.0_221\jre\lib\ext;C:\Windows\Sun\Java\lib\ext"/>
    <property name="sun.io.unicode.encoding" value="UnicodeLittle"/>
    <property name="java.class.version" value="52.0"/>
  </properties>
  <testcase name="Pas de choix par défaut" classname="puertoricotr.RunCucumberTest" time="0.003">
    <error type="java.lang.NullPointerException">java.lang.NullPointerException
</error>
    <system-out><![CDATA[Fonctionnalité: Choisir un rôle

  Contexte:                                                    &amp#27;[90m# src/test/resources/features/Bot.feature:4&amp#27;[0m
    &amp#27;[31mEtant donné &amp#27;[0m&amp#27;[31mun joueur du nom de &amp#27;[0m&amp#27;[31m&amp#27;[1m"Joueur 1"&amp#27;[0m                 &amp#27;[90m# ChoixRoleStepDefs.java:24&amp#27;[0m
      &amp#27;[31mjava.lang.NullPointerException
	at puertoricotr.ChoixRoleStepDefs.lambda$new$0(ChoixRoleStepDefs.java:27)
	at ?.un joueur du nom de "Joueur 1"(file:src/test/resources/features/Bot.feature:5)
&amp#27;[0m
    &amp#27;[36mEt &amp#27;[0m&amp#27;[36mune liste de rôle &amp#27;[0m&amp#27;[36m&amp#27;[1m"Chercheur d'or"&amp#27;[0m&amp#27;[36m, &amp#27;[0m&amp#27;[36m&amp#27;[1m"Paysan"&amp#27;[0m&amp#27;[36m et &amp#27;[0m&amp#27;[36m&amp#27;[1m"Maire"&amp#27;[0m &amp#27;[90m# ChoixRoleStepDefs.java:30&amp#27;[0m

  Scénario: Pas de choix par défaut                        &amp#27;[90m# src/test/resources/features/Bot.feature:8&amp#27;[0m
    &amp#27;[36mQuand &amp#27;[0m&amp#27;[36m&amp#27;[0m&amp#27;[36m&amp#27;[1m"Joueur 1"&amp#27;[0m&amp#27;[36m choisi le personnage &amp#27;[0m&amp#27;[36m&amp#27;[1m"Chercheur d'or"&amp#27;[0m &amp#27;[90m# ChoixRoleStepDefs.java:37&amp#27;[0m
    &amp#27;[36mAlors &amp#27;[0m&amp#27;[36mle &amp#27;[0m&amp#27;[36m&amp#27;[1m"Joueur 1"&amp#27;[0m&amp#27;[36m gagne &amp#27;[0m&amp#27;[36m&amp#27;[1m1&amp#27;[0m&amp#27;[36m doublon&amp#27;[0m                    &amp#27;[90m# ChoixRoleStepDefs.java:45&amp#27;[0m
    &amp#27;[36mEt &amp#27;[0m&amp#27;[36mle role &amp#27;[0m&amp#27;[36m&amp#27;[1m"Chercheur d'or"&amp#27;[0m&amp#27;[36m est supprimer de la liste&amp#27;[0m  &amp#27;[90m# ChoixRoleStepDefs.java:54&amp#27;[0m
]]></system-out>
  </testcase>
  <testcase name="Choix d&apos;un bâtiment" classname="puertoricotr.RunCucumberTest" time="0.003">
    <error type="java.lang.NullPointerException">java.lang.NullPointerException
</error>
    <system-out><![CDATA[
Fonctionnalité: Choisir un Batiment

  Contexte:                                                                                                                                                                                     &amp#27;[90m# src/test/resources/features/ChoixBatiment.feature:6&amp#27;[0m
    &amp#27;[31mEtant donné &amp#27;[0m&amp#27;[31mle joueur du nom de &amp#27;[0m&amp#27;[31m&amp#27;[1m"Joueur 1"&amp#27;[0m                                                                                                                                                  &amp#27;[90m# ChoixBatimentStepDefs.java:46&amp#27;[0m
      &amp#27;[31mjava.lang.NullPointerException
	at puertoricotr.ChoixBatimentStepDefs.lambda$new$0(ChoixBatimentStepDefs.java:48)
	at ?.le joueur du nom de "Joueur 1"(file:src/test/resources/features/ChoixBatiment.feature:8)
&amp#27;[0m
    &amp#27;[36mEt &amp#27;[0m&amp#27;[36mla liste de batiments de productions &amp#27;[0m&amp#27;[36m&amp#27;[1m"Raffinerie de sucre"&amp#27;[0m&amp#27;[36m, &amp#27;[0m&amp#27;[36m&amp#27;[1m"Brulerie de cafe"&amp#27;[0m&amp#27;[36m, &amp#27;[0m&amp#27;[36m&amp#27;[1m"Sechoir a tabac"&amp#27;[0m&amp#27;[36m, &amp#27;[0m&amp#27;[36m&amp#27;[1m"Teinturerie d'indigo"&amp#27;[0m&amp#27;[36m, &amp#27;[0m&amp#27;[36m&amp#27;[1m"Petite raffinerie de sucre"&amp#27;[0m&amp#27;[36m et &amp#27;[0m&amp#27;[36m&amp#27;[1m"Petite teinturerie d'indigo"&amp#27;[0m &amp#27;[90m# ChoixBatimentStepDefs.java:64&amp#27;[0m

  Scénario: Choix d'un bâtiment                                       &amp#27;[90m# src/test/resources/features/ChoixBatiment.feature:11&amp#27;[0m
    &amp#27;[36mQuand &amp#27;[0m&amp#27;[36mle &amp#27;[0m&amp#27;[36m&amp#27;[1m"Joueur 1"&amp#27;[0m&amp#27;[36m choisi le role &amp#27;[0m&amp#27;[36m&amp#27;[1m"Batisseur"&amp#27;[0m                    &amp#27;[90m# ChoixBatimentStepDefs.java:90&amp#27;[0m
    &amp#27;[36mAlors &amp#27;[0m&amp#27;[36mle &amp#27;[0m&amp#27;[36m&amp#27;[1m"Joueur 1"&amp#27;[0m&amp#27;[36m choisi un batiment parmi la liste de batiment&amp#27;[0m &amp#27;[90m# ChoixBatimentStepDefs.java:100&amp#27;[0m
    &amp#27;[36mEt &amp#27;[0m&amp#27;[36mle batiment choisi est ajoute a son plateau&amp#27;[0m                    &amp#27;[90m# ChoixBatimentStepDefs.java:110&amp#27;[0m
    &amp#27;[36mEt &amp#27;[0m&amp#27;[36mle batiment choisi est retire de la liste&amp#27;[0m                      &amp#27;[90m# ChoixBatimentStepDefs.java:115&amp#27;[0m
]]></system-out>
  </testcase>
  <testcase name="Choix d&apos;une plantation" classname="puertoricotr.RunCucumberTest" time="0.003">
    <error type="java.lang.NullPointerException">java.lang.NullPointerException
</error>
    <system-out><![CDATA[
Fonctionnalité: Choisir une Plantation

  Contexte:                                                                &amp#27;[90m# src/test/resources/features/choixPlantation.feature:6&amp#27;[0m
    &amp#27;[31mEtant donné &amp#27;[0m&amp#27;[31mun autre joueur du nom de &amp#27;[0m&amp#27;[31m&amp#27;[1m"Joueur 1"&amp#27;[0m                       &amp#27;[90m# ChoixPlantationStepDefs.java:46&amp#27;[0m
      &amp#27;[31mjava.lang.NullPointerException
	at puertoricotr.ChoixPlantationStepDefs.lambda$new$0(ChoixPlantationStepDefs.java:53)
	at ?.un autre joueur du nom de "Joueur 1"(file:src/test/resources/features/choixPlantation.feature:8)
&amp#27;[0m
    &amp#27;[36mEt &amp#27;[0m&amp#27;[36mla liste de plantation &amp#27;[0m&amp#27;[36m&amp#27;[1m"Cafe"&amp#27;[0m&amp#27;[36m, &amp#27;[0m&amp#27;[36m&amp#27;[1m"Sucre"&amp#27;[0m&amp#27;[36m, &amp#27;[0m&amp#27;[36m&amp#27;[1m"Indigo"&amp#27;[0m&amp#27;[36m, &amp#27;[0m&amp#27;[36m&amp#27;[1m"Mais"&amp#27;[0m&amp#27;[36m et &amp#27;[0m&amp#27;[36m&amp#27;[1m"Tabac"&amp#27;[0m &amp#27;[90m# ChoixPlantationStepDefs.java:65&amp#27;[0m

  Scénario: Choix d'une plantation                                         &amp#27;[90m# src/test/resources/features/choixPlantation.feature:11&amp#27;[0m
    &amp#27;[36mQuand &amp#27;[0m&amp#27;[36mle &amp#27;[0m&amp#27;[36m&amp#27;[1m"Joueur 1"&amp#27;[0m&amp#27;[36m choisi un role &amp#27;[0m&amp#27;[36m&amp#27;[1m"Paysan"&amp#27;[0m                            &amp#27;[90m# ChoixPlantationStepDefs.java:86&amp#27;[0m
    &amp#27;[36mAlors &amp#27;[0m&amp#27;[36mle &amp#27;[0m&amp#27;[36m&amp#27;[1m"Joueur 1"&amp#27;[0m&amp#27;[36m choisi une plantation parmi la liste de plantation&amp#27;[0m &amp#27;[90m# ChoixPlantationStepDefs.java:97&amp#27;[0m
    &amp#27;[36mEt &amp#27;[0m&amp#27;[36mla plantation choisie est ajoutee a son plateau&amp#27;[0m                     &amp#27;[90m# ChoixPlantationStepDefs.java:108&amp#27;[0m
    &amp#27;[36mEt &amp#27;[0m&amp#27;[36mla plantation choisie est retiree de la liste&amp#27;[0m                       &amp#27;[90m# ChoixPlantationStepDefs.java:113&amp#27;[0m
]]></system-out>
  </testcase>
</testsuite>